Build started 5/26/2011 4:03:26 PM.
     1>Project "C:\Documents and Settings\Administrator\My Documents\Visual Studio 2010\CameraControlV4\CameraControlV4\CameraControlV4\CameraControlV4.vcxproj" on node 2 (build target(s)).
     1>InitializeBuildStatus:
         Creating "Debug\CameraControlV4.unsuccessfulbuild" because "AlwaysCreate" was specified.
       ClCompile:
         All outputs are up-to-date.
         c:\Program Files\Microsoft Visual Studio 10.0\VC\bin\CL.exe /c /I./Include /ZI /nologo /W3 /WX- /Od /Oy- /D WIN32 /D _DEBUG /D _CONSOLE /D _UNICODE /D UNICODE /Gm /EHsc /RTC1 /MT /GS /fp:precise /Zc:wchar_t /Zc:forScope /Yu"StdAfx.h" /Fp"Debug\CameraControlV4.pch" /Fo"Debug\\" /Fd"Debug\vc100.pdb" /Gd /TP /analyze- /errorReport:prompt CannonState.cpp
         CannonState.cpp
     1>c:\documents and settings\administrator\my documents\visual studio 2010\cameracontrolv4\cameracontrolv4\cameracontrolv4\cannonstate.cpp(73): warning C4101: 'numBytes' : unreferenced local variable
     1>c:\documents and settings\administrator\my documents\visual studio 2010\cameracontrolv4\cameracontrolv4\cameracontrolv4\cannonstate.cpp(133): warning C4101: 'z' : unreferenced local variable
     1>c:\documents and settings\administrator\my documents\visual studio 2010\cameracontrolv4\cameracontrolv4\cameracontrolv4\cannonstate.cpp(197): warning C4244: '=' : conversion from 'double' to 'int', possible loss of data
     1>c:\documents and settings\administrator\my documents\visual studio 2010\cameracontrolv4\cameracontrolv4\cameracontrolv4\cannonstate.cpp(204): warning C4244: '=' : conversion from 'double' to 'int', possible loss of data
     1>c:\documents and settings\administrator\my documents\visual studio 2010\cameracontrolv4\cameracontrolv4\cameracontrolv4\cannonstate.cpp(215): warning C4244: '+=' : conversion from 'double' to 'int', possible loss of data
     1>c:\documents and settings\administrator\my documents\visual studio 2010\cameracontrolv4\cameracontrolv4\cameracontrolv4\cannonstate.cpp(219): warning C4244: '+=' : conversion from 'double' to 'int', possible loss of data
       ManifestResourceCompile:
         All outputs are up-to-date.
       Link:
         c:\Program Files\Microsoft Visual Studio 10.0\VC\bin\link.exe /ERRORREPORT:PROMPT /OUT:"C:\Documents and Settings\Administrator\My Documents\Visual Studio 2010\CameraControlV4\CameraControlV4\Debug\CameraControlV4.exe" /INCREMENTAL /NOLOGO /LIBPATH:./Lib VCC4.lib OpenNI.lib XnVNite.lib glut32.lib /MANIFEST /ManifestFile:"Debug\CameraControlV4.exe.intermediate.manifest" /MANIFESTUAC:"level='asInvoker' uiAccess='false'" /DEBUG /PDB:"C:\Documents and Settings\Administrator\My Documents\Visual Studio 2010\CameraControlV4\CameraControlV4\Debug\CameraControlV4.pdb" /SUBSYSTEM:CONSOLE /TLBID:1 /DYNAMICBASE /NXCOMPAT /IMPLIB:"C:\Documents and Settings\Administrator\My Documents\Visual Studio 2010\CameraControlV4\CameraControlV4\Debug\CameraControlV4.lib" /MACHINE:X86 Debug\CameraControlV4.exe.embed.manifest.res
         Debug\CameraControlV4.obj
         Debug\CannonState.obj
         Debug\stdafx.obj
       Manifest:
         c:\Program Files\Microsoft SDKs\Windows\v7.0A\bin\mt.exe /nologo /verbose /out:"Debug\CameraControlV4.exe.embed.manifest" /manifest Debug\CameraControlV4.exe.intermediate.manifest "c:\Program Files\Microsoft Visual Studio 10.0\VC\Include\Manifest\dpiaware.manifest"
         All outputs are up-to-date.
       LinkEmbedManifest:
         All outputs are up-to-date.
         CameraControlV4.vcxproj -> C:\Documents and Settings\Administrator\My Documents\Visual Studio 2010\CameraControlV4\CameraControlV4\Debug\CameraControlV4.exe
       FinalizeBuildStatus:
         Deleting file "Debug\CameraControlV4.unsuccessfulbuild".
         Touching "Debug\CameraControlV4.lastbuildstate".
     1>Done Building Project "C:\Documents and Settings\Administrator\My Documents\Visual Studio 2010\CameraControlV4\CameraControlV4\CameraControlV4\CameraControlV4.vcxproj" (build target(s)).

Build succeeded.

Time Elapsed 00:00:01.34
